libtoolize: putting auxiliary files in AC_CONFIG_AUX_DIR, `config'.
libtoolize: linking file `config/ltmain.sh'
libtoolize: putting macros in AC_CONFIG_MACRO_DIR, `m4'.
libtoolize: linking file `m4/libtool.m4'
libtoolize: linking file `m4/ltoptions.m4'
libtoolize: linking file `m4/ltsugar.m4'
libtoolize: linking file `m4/ltversion.m4'
libtoolize: linking file `m4/lt~obsolete.m4'
am-wrapper: warning: invalid WANT_AUTOMAKE 'latest'; ignoring.
ac-wrapper: warning: invalid WANT_AUTOCONF 'latest'; ignoring.
ac-wrapper: warning: invalid WANT_AUTOCONF 'latest'; ignoring.
ac-wrapper: warning: invalid WANT_AUTOCONF 'latest'; ignoring.
am-wrapper: warning: invalid WANT_AUTOMAKE 'latest'; ignoring.
am-wrapper: warning: invalid WANT_AUTOMAKE 'latest'; ignoring.
ac-wrapper: warning: invalid WANT_AUTOCONF 'latest'; ignoring.
configure.ac:17: installing `config/config.guess'
configure.ac:17: installing `config/config.sub'
configure.ac:12: installing `config/install-sh'
configure.ac:12: installing `config/missing'
edit/Makefile.am: installing `config/depcomp'
ac-wrapper: warning: invalid WANT_AUTOCONF 'latest'; ignoring.
ac-wrapper: warning: invalid WANT_AUTOCONF 'latest'; ignoring.
>>> Source unpacked in /tmp-disk/var-tmp/portage/app-misc/mc-9999/work
>>> Preparing source in /tmp-disk/var-tmp/portage/app-misc/mc-9999/work/mc-9999 ...
>>> Source prepared.

>>> Configuring source in /tmp-disk/var-tmp/portage/app-misc/mc-9999/work/mc-9999 ...

./configure --prefix=/usr --build=x86_64-pc-linux-gnu --host=x86_64-pc-linux-gnu --mandir=/usr/share/man --infodir=/usr/share/info --datadir=/usr/share --sysconfdir=/etc --localstatedir=/var/lib --libdir=/usr/lib64 --disable-dependency-tracking --enable-background --enable-netcode --enable-nls --enable-charset --with-edit --without-ext2undel --with-gpm-mouse --with-vfs --with-x --without-samba --with-screen=slang

checking for a BSD-compatible install... /usr/bin/install -c
checking whether build environment is sane... yes
checking for a thread-safe mkdir -p... /bin/mkdir -p
checking for gawk... gawk
checking whether make sets $(MAKE)... yes
checking whether to enable maintainer-specific portions of Makefiles... no
checking build system type... x86_64-pc-linux-gnu
checking host system type... x86_64-pc-linux-gnu
checking for style of include used by make... GNU
checking for x86_64-pc-linux-gnu-gcc... x86_64-pc-linux-gnu-gcc
checking for C compiler default output file name... a.out
checking whether the C compiler works... yes
checking whether we are cross compiling... no
checking for suffix of executables... 
checking for suffix of object files... o
checking whether we are using the GNU C compiler... yes
checking whether x86_64-pc-linux-gnu-gcc accepts -g... yes
checking for x86_64-pc-linux-gnu-gcc option to accept ISO C89... none needed
checking dependency style of x86_64-pc-linux-gnu-gcc... none
checking how to run the C preprocessor... x86_64-pc-linux-gnu-gcc -E
checking for grep that handles long lines and -e... /bin/grep
checking for egrep... /bin/grep -E
checking for ANSI C header files... yes
checking for sys/types.h... yes
checking for sys/stat.h... yes
checking for stdlib.h... yes
checking for string.h... yes
checking for memory.h... yes
checking for strings.h... yes
checking for inttypes.h... yes
checking for stdint.h... yes
checking for unistd.h... yes
checking minix/config.h usability... no
checking minix/config.h presence... no
checking for minix/config.h... no
checking whether it is safe to define __EXTENSIONS__... yes
checking for a sed that does not truncate output... /bin/sed
checking for fgrep... /bin/grep -F
checking for ld used by x86_64-pc-linux-gnu-gcc... /usr/x86_64-pc-linux-gnu/bin/ld
checking if the linker (/usr/x86_64-pc-linux-gnu/bin/ld) is GNU ld... yes
checking for BSD- or MS-compatible name lister (nm)... /usr/bin/nm -B
checking the name lister (/usr/bin/nm -B) interface... BSD nm
checking whether ln -s works... yes
checking the maximum length of command line arguments... 1572864
checking whether the shell understands some XSI constructs... yes
checking whether the shell understands "+="... yes
checking for /usr/x86_64-pc-linux-gnu/bin/ld option to reload object files... -r
checking for x86_64-pc-linux-gnu-objdump... x86_64-pc-linux-gnu-objdump
checking how to recognize dependent libraries... pass_all
checking for x86_64-pc-linux-gnu-ar... x86_64-pc-linux-gnu-ar
checking for x86_64-pc-linux-gnu-strip... x86_64-pc-linux-gnu-strip
checking for x86_64-pc-linux-gnu-ranlib... x86_64-pc-linux-gnu-ranlib
checking command to parse /usr/bin/nm -B output from x86_64-pc-linux-gnu-gcc object... ok
checking for dlfcn.h... yes
checking for objdir... .libs
checking if x86_64-pc-linux-gnu-gcc supports -fno-rtti -fno-exceptions... no
checking for x86_64-pc-linux-gnu-gcc option to produce PIC... -fPIC -DPIC
checking if x86_64-pc-linux-gnu-gcc PIC flag -fPIC -DPIC works... yes
checking if x86_64-pc-linux-gnu-gcc static flag -static works... yes
checking if x86_64-pc-linux-gnu-gcc supports -c -o file.o... yes
checking if x86_64-pc-linux-gnu-gcc supports -c -o file.o... (cached) yes
checking whether the x86_64-pc-linux-gnu-gcc linker (/usr/x86_64-pc-linux-gnu/bin/ld -m elf_x86_64) supports shared libraries... yes
checking whether -lc should be explicitly linked in... no
checking dynamic linker characteristics... GNU/Linux ld.so
checking how to hardcode library paths into programs... immediate
checking whether stripping libraries is possible... yes
checking if libtool supports shared libraries... yes
checking whether to build shared libraries... yes
checking whether to build static libraries... yes
checking for strerror in -lcposix... no
checking for x86_64-pc-linux-gnu-gcc option to accept ISO C99... -std=gnu99
checking for x86_64-pc-linux-gnu-gcc -std=gnu99 option to accept ISO Standard C... (cached) -std=gnu99
checking for x86_64-pc-linux-gnu-doxygen... no
checking for doxygen... no
configure: WARNING: doxygen not found - will not generate any doxygen documentation
checking for x86_64-pc-linux-gnu-perl... no
checking for perl... /usr/bin/perl
checking for x86_64-pc-linux-gnu-pkg-config... no
checking for pkg-config... /usr/bin/pkg-config
checking pkg-config is at least version 0.9.0... yes
checking for GLIB... yes
checking for GMODULE... yes
checking if gmodule functionality is supported... yes
checking whether sys/types.h defines makedev... yes
checking for an ANSI C-conforming const... yes
checking for special C compiler options needed for large files... no
checking for _FILE_OFFSET_BITS value needed for large files... no
checking whether ln -s works... yes
checking for x86_64-pc-linux-gnu-ar... (cached) x86_64-pc-linux-gnu-ar
checking for gnome-moz-remote... no
checking for mozilla... no
checking for konqueror... no
checking for opera... opera
checking for stdlib.h... (cached) yes
checking for unistd.h... (cached) yes
checking for getpagesize... yes
checking for working mmap... yes
checking whether NLS is requested... yes
checking for msgfmt... /usr/bin/msgfmt
checking for gmsgfmt... /usr/bin/gmsgfmt
checking for xgettext... /usr/bin/xgettext
checking for msgmerge... /usr/bin/msgmerge
checking whether we are using the GNU C Library 2 or newer... yes
checking for x86_64-pc-linux-gnu-ranlib... (cached) x86_64-pc-linux-gnu-ranlib
checking for signed... yes
checking for inline... inline
checking for off_t... yes
checking for size_t... yes
checking for long long... yes
checking for long double... yes
checking for wchar_t... yes
checking for wint_t... yes
checking for inttypes.h... yes
checking for stdint.h... yes
checking for intmax_t... yes
checking whether printf() supports POSIX/XSI format strings... yes
checking for working alloca.h... yes
checking for alloca... yes
checking whether we are using the GNU C Library 2.1 or newer... yes
checking whether integer division by zero raises SIGFPE... yes
checking for unsigned long long... yes
checking for inttypes.h... yes
checking whether the inttypes.h PRIxNN macros are broken... no
checking for stdint.h... (cached) yes
checking for SIZE_MAX... yes
checking for stdint.h... (cached) yes
checking for CFPreferencesCopyAppValue... no
checking for CFLocaleCopyCurrent... no
checking for ld used by GCC... /usr/x86_64-pc-linux-gnu/bin/ld -m elf_x86_64
checking if the linker (/usr/x86_64-pc-linux-gnu/bin/ld -m elf_x86_64) is GNU ld... yes
checking for shared library run path origin... done
checking for ptrdiff_t... yes
checking argz.h usability... yes
checking argz.h presence... yes
checking for argz.h... yes
checking limits.h usability... yes
checking limits.h presence... yes
checking for limits.h... yes
checking locale.h usability... yes
checking locale.h presence... yes
checking for locale.h... yes
checking nl_types.h usability... yes
checking nl_types.h presence... yes
checking for nl_types.h... yes
checking malloc.h usability... yes
checking malloc.h presence... yes
checking for malloc.h... yes
checking stddef.h usability... yes
checking stddef.h presence... yes
checking for stddef.h... yes
checking for stdlib.h... (cached) yes
checking for string.h... (cached) yes
checking for unistd.h... (cached) yes
checking sys/param.h usability... yes
checking sys/param.h presence... yes
checking for sys/param.h... yes
checking for asprintf... yes
checking for fwprintf... yes
checking for getcwd... yes
checking for getegid... yes
checking for geteuid... yes
checking for getgid... yes
checking for getuid... yes
checking for mempcpy... yes
checking for munmap... yes
checking for putenv... yes
checking for setenv... yes
checking for setlocale... yes
checking for snprintf... yes
checking for stpcpy... yes
checking for strcasecmp... yes
checking for strdup... yes
checking for strtoul... yes
checking for tsearch... yes
checking for wcslen... yes
checking for __argz_count... yes
checking for __argz_stringify... yes
checking for __argz_next... yes
checking for __fsetlocking... yes
checking whether _snprintf is declared... no
checking whether _snwprintf is declared... no
checking whether feof_unlocked is declared... yes
checking whether fgets_unlocked is declared... yes
checking whether getc_unlocked is declared... yes
checking for iconv... yes
checking for iconv declaration... 
         extern size_t iconv (iconv_t cd, char * *inbuf, size_t *inbytesleft, char * *outbuf, size_t *outbytesleft);
checking for nl_langinfo and CODESET... yes
checking for LC_MESSAGES... yes
checking for bison... bison
checking version of bison... 2.4.1, ok
checking for CFPreferencesCopyAppValue... (cached) no
checking for CFLocaleCopyCurrent... (cached) no
checking whether NLS is requested... yes
checking whether included gettext is requested... no
checking for GNU gettext in libc... yes
checking whether to use NLS... yes
checking where the gettext function comes from... libc
checking for a BSD-compatible install... /usr/bin/install -c
checking for unistd.h... (cached) yes
checking for string.h... (cached) yes
checking for memory.h... (cached) yes
checking grp.h usability... yes
checking grp.h presence... yes
checking for grp.h... yes
checking for limits.h... (cached) yes
checking for malloc.h... (cached) yes
checking for stdlib.h... (cached) yes
checking termios.h usability... yes
checking termios.h presence... yes
checking for termios.h... yes
checking utime.h usability... yes
checking utime.h presence... yes
checking for utime.h... yes
checking fcntl.h usability... yes
checking fcntl.h presence... yes
checking for fcntl.h... yes
checking pwd.h usability... yes
checking pwd.h presence... yes
checking for pwd.h... yes
checking sys/statfs.h usability... yes
checking sys/statfs.h presence... yes
checking for sys/statfs.h... yes
checking sys/vfs.h usability... yes
checking sys/vfs.h presence... yes
checking for sys/vfs.h... yes
checking sys/time.h usability... yes
checking sys/time.h presence... yes
checking for sys/time.h... yes
checking sys/timeb.h usability... yes
checking sys/timeb.h presence... yes
checking for sys/timeb.h... yes
checking sys/select.h usability... yes
checking sys/select.h presence... yes
checking for sys/select.h... yes
checking sys/ioctl.h usability... yes
checking sys/ioctl.h presence... yes
checking for sys/ioctl.h... yes
checking stropts.h usability... yes
checking stropts.h presence... yes
checking for stropts.h... yes
checking arpa/inet.h usability... yes
checking arpa/inet.h presence... yes
checking for arpa/inet.h... yes
checking security/pam_misc.h usability... yes
checking security/pam_misc.h presence... yes
checking for security/pam_misc.h... yes
checking sys/socket.h usability... yes
checking sys/socket.h presence... yes
checking for sys/socket.h... yes
checking sys/sysmacros.h usability... yes
checking sys/sysmacros.h presence... yes
checking for sys/sysmacros.h... yes
checking for sys/types.h... (cached) yes
checking sys/mkdev.h usability... no
checking sys/mkdev.h presence... no
checking for sys/mkdev.h... no
checking wchar.h usability... yes
checking wchar.h presence... yes
checking for wchar.h... yes
checking wctype.h usability... yes
checking wctype.h presence... yes
checking for wctype.h... yes
checking whether time.h and sys/time.h may both be included... yes
checking for sys/wait.h that is POSIX.1 compatible... yes
checking for dirent.h that defines DIR... yes
checking for library containing opendir... none required
checking for ANSI C header files... (cached) yes
checking for struct stat.st_blksize... yes
checking for struct stat.st_rdev... yes
checking for struct stat.st_blocks... yes
checking for atoll... yes
checking for cfgetospeed... yes
checking for getegid... (cached) yes
checking for geteuid... (cached) yes
checking for getgid... (cached) yes
checking for getsid... yes
checking for getuid... (cached) yes
checking for initgroups... yes
checking for isascii... yes
checking for memcpy... yes
checking for memset... yes
checking for putenv... (cached) yes
checking for setreuid... yes
checking for setuid... yes
checking for statfs... yes
checking for strerror... yes
checking for strftime... yes
checking for sysconf... yes
checking for tcgetattr... yes
checking for tcsetattr... yes
checking for truncate... yes
checking for posix_openpt... yes
checking for grantpt... yes
checking for statlstat... no
checking for AIX defines... no
checking for sys/param.h... (cached) yes
checking sys/statvfs.h usability... yes
checking sys/statvfs.h presence... yes
checking for sys/statvfs.h... yes
checking for sys/vfs.h... (cached) yes
checking sys/fs_types.h usability... no
checking sys/fs_types.h presence... no
checking for sys/fs_types.h... no
checking for fcntl.h... (cached) yes
checking for utime.h... (cached) yes
checking for listmntent... no
checking for getmntinfo... no
checking for sys/ucred.h... no
checking for sys/mount.h... yes
checking mntent.h usability... yes
checking mntent.h presence... yes
checking for mntent.h... yes
checking for sys/fs_types.h... (cached) no
checking for struct fsstat.f_fstypename... no
checking for library containing getmntent... none required
checking for getmntent... yes
checking for listmntent of Cray/Unicos-9... no
checking for mntctl function and struct vmount... no
checking for one-argument getmntent function... yes
checking for sys/mount.h... (cached) yes
configure: checking how to get file system space usage
checking for statvfs function (SVR4)... no
checking for 3-argument statfs function (DEC OSF/1)... no
checking for two-argument statfs with statfs.bsize member (AIX, 4.3BSD)... yes
checking dustat.h usability... no
checking dustat.h presence... no
checking for dustat.h... no
checking sys/fs/s5param.h usability... no
checking sys/fs/s5param.h presence... no
checking for sys/fs/s5param.h... no
checking sys/filsys.h usability... no
checking sys/filsys.h presence... no
checking for sys/filsys.h... no
checking for sys/statfs.h... (cached) yes
checking for statfs that truncates block counts... no
checking for struct statfs.f_fstypename... no
checking size of long... 8
checking size of long long... 8
checking for mode_t... yes
checking for off_t... (cached) yes
checking size of off_t... 8
checking for pid_t... yes
checking for uid_t in sys/types.h... yes
checking for nlink_t... yes
checking for socklen_t... yes
checking for uintptr_t... yes
checking for working alloca.h... (cached) yes
checking for alloca... (cached) yes
checking for working strcoll... yes
checking for X... libraries , headers 
checking for gethostbyname... yes
checking for connect... yes
checking for remove... yes
checking for shmat... yes
checking for IceConnectionNumber in -lICE... yes
checking for library containing socket... none required
checking for library containing gethostbyname... none required
checking for get_process_stats in -lseq... no
configure: Enabling VFS code
checking for zip... /usr/bin/zip
checking for unzip... /usr/bin/unzip
checking for zipinfo code in unzip... yes
checking for perl... /usr/bin/perl
checking for library containing socket... (cached) none required
checking for library containing gethostbyname... (cached) none required
checking for struct linger.l_linger... yes
checking for pmap_set... yes
checking for pmap_getport... yes
checking for pmap_getmaps... yes
checking for rresvport... yes
checking for rpc/pmap_clnt.h... yes
checking for library containing socket... (cached) none required
checking for library containing gethostbyname... (cached) none required
checking for struct linger.l_linger... (cached) yes
configure: enabling VFS code
checking for Gpm_Repeat in -lgpm... yes
checking for nroff... true
checking for manual formatting macros... -mandoc
checking for option to disable ANSI color in manuals... none
checking if nroff accepts -Tlatin1 or -Tascii... -Tlatin1
checking for file... true
checking for -L option to file command... yes
checking for subshell support... yes
checking SLANG-headers in default place ...
checking for slang.h... yes
checking if S-Lang uses termcap... no
checking for SLang_init_tty in -lslang... yes
checking for SLsmg_write_nwchars in -lslang... no
checking if S-Lang exports private functions... no
configure: using internal editor
configure: creating ./config.status
config.status: creating Makefile
config.status: creating contrib/Makefile
config.status: creating contrib/dist/Makefile
config.status: creating contrib/dist/debian/Makefile
config.status: creating contrib/dist/gentoo/Makefile
config.status: creating contrib/dist/redhat/Makefile
config.status: creating contrib/dist/redhat/mc.spec
config.status: creating contrib/dist/mc.qpg
config.status: creating contrib/dist/pkginfo
config.status: creating contrib/dist/prototype
config.status: creating misc/Makefile
config.status: creating misc/mc.ext
config.status: creating src/Makefile
config.status: creating src/mcconfig/Makefile
config.status: creating src/search/Makefile
config.status: creating edit/Makefile
config.status: creating syntax/Makefile
config.status: creating vfs/Makefile
config.status: creating vfs/extfs/Makefile
config.status: creating vfs/extfs/a
config.status: creating vfs/extfs/apt
config.status: creating vfs/extfs/audio
config.status: creating vfs/extfs/deb
config.status: creating vfs/extfs/deba
config.status: creating vfs/extfs/debd
config.status: creating vfs/extfs/dpkg
config.status: creating vfs/extfs/iso9660
config.status: creating vfs/extfs/hp48
config.status: creating vfs/extfs/lslR
config.status: creating vfs/extfs/mailfs
config.status: creating vfs/extfs/patchfs
config.status: creating vfs/extfs/rpms
config.status: creating vfs/extfs/uace
config.status: creating vfs/extfs/ualz
config.status: creating vfs/extfs/uar
config.status: creating vfs/extfs/uarc
config.status: creating vfs/extfs/uarj
config.status: creating vfs/extfs/uc1541
config.status: creating vfs/extfs/uha
config.status: creating vfs/extfs/ulha
config.status: creating vfs/extfs/urar
config.status: creating vfs/extfs/uzip
config.status: creating vfs/extfs/uzoo
config.status: creating doc/Makefile
config.status: creating doc/hints/Makefile
config.status: creating doc/man/mc.1
config.status: creating doc/man/mcedit.1
config.status: creating doc/man/mcview.1
config.status: creating doc/man/mcserv.8
config.status: creating doc/man/Makefile
config.status: creating doc/man/es/mc.1
config.status: creating doc/man/es/Makefile
config.status: creating doc/man/hu/mc.1
config.status: creating doc/man/hu/Makefile
config.status: creating doc/man/it/mc.1
config.status: creating doc/man/it/Makefile
config.status: creating doc/man/pl/mc.1
config.status: creating doc/man/pl/Makefile
config.status: creating doc/man/ru/mc.1
config.status: creating doc/man/ru/Makefile
config.status: creating doc/man/sr/mc.1
config.status: creating doc/man/sr/mcserv.8
config.status: creating doc/man/sr/Makefile
config.status: creating doc/hlp/Makefile
config.status: creating doc/hlp/es/Makefile
config.status: creating doc/hlp/hu/Makefile
config.status: creating doc/hlp/it/Makefile
config.status: creating doc/hlp/pl/Makefile
config.status: creating doc/hlp/ru/Makefile
config.status: creating doc/hlp/sr/Makefile
config.status: creating intl/Makefile
config.status: WARNING:  'intl/Makefile.in' seems to ignore the --datarootdir setting
config.status: creating po/Makefile.in
config.status: WARNING:  'po/Makefile.in.in' seems to ignore the --datarootdir setting
config.status: creating config.h
config.status: executing depfiles commands
config.status: executing libtool commands
config.status: executing default-1 commands
config.status: creating po/POTFILES
config.status: creating po/Makefile

Configuration:

  Source code location:       .
  Compiler:                   x86_64-pc-linux-gnu-gcc -std=gnu99
  Compiler flags:             -march=core2 -O2 -pipe -D_FILE_OFFSET_BITS=64 -D_LARGEFILE_SOURCE
  File system:                Midnight Commander Virtual File System
                              cpio, tar, ftp, fish, extfs, sfs
  Screen library:             S-Lang library (installed on the system)
  Mouse support:              gpm and xterm
  X11 events support:         yes
  With subshell support:      yes
  Internal editor:            yes
  Support for charset:        yes
  Search type:                glib-regexp

>>> Source configured.
